<?xml version="1.0" encoding="UTF-8"?>
<!-- Generated by org.testng.reporters.JUnitReportReporter -->
<testsuite skipped="0" hostname="LAPTOP-4S6DHLRL" name="testcases.CreateTest" tests="2" failures="0" timestamp="2020-11-09T08:39:42 IST" time="74.671" errors="0">
  <testcase name="Create" time="37.297" classname="testcases.CreateTest"/>
  <system-out/>
  <testcase name="Create" time="37.374" classname="testcases.CreateTest"/>
  <system-out/>
</testsuite> <!-- testcases.CreateTest -->
